This is pdfTeX, Version 3.14159265-2.6-1.40.15 (TeX Live 2014) (preloaded format=pdflatex 2014.7.7)  30 JUL 2014 01:25
entering extended mode
 restricted \write18 enabled.
 %&-line parsing enabled.
**cs190-ieee.tex
(./cs190-ieee.tex
LaTeX2e <2014/05/01>
Babel <3.9k> and hyphenation patterns for 21 languages loaded.
(./IEEE/IEEEtran.cls

LaTeX Warning: You have requested document class `./IEEE/IEEEtran',
               but the document class provides `IEEEtran'.

Document Class: IEEEtran 2002/11/18 revision V1.6b by Michael Shell
-- See the "IEEEtran_HOWTO" manual for usage information.
-- The source comments contain changelog notes.
\@IEEEtrantmpdimenA=\dimen102
\@IEEEtrantmpdimenB=\dimen103
\@IEEEtrantmpcountA=\count79
\@IEEEtrantmpcountB=\count80
\@IEEEtrantmptoksA=\toks14
LaTeX Font Info:    Try loading font information for OT1+ptm on input line 776.

(/usr/local/texlive/2014basic/texmf-dist/tex/latex/psnfss/ot1ptm.fd
File: ot1ptm.fd 2001/06/04 font definitions for OT1/ptm.
)
\@IEEEnormalsizefontbaselineskip=\skip41

-- This is a 10 point document.
\normalsizebaselineskip=\skip42
\normaljot=\skip43
LaTeX Font Info:    Font shape `OT1/ptm/bx/n' in size <5> not available
(Font)              Font shape `OT1/ptm/b/n' tried instead on input line 1095.
LaTeX Font Info:    Font shape `OT1/ptm/bx/it' in size <5> not available
(Font)              Font shape `OT1/ptm/b/it' tried instead on input line 1095.

LaTeX Font Info:    Font shape `OT1/ptm/bx/n' in size <7> not available
(Font)              Font shape `OT1/ptm/b/n' tried instead on input line 1095.
LaTeX Font Info:    Font shape `OT1/ptm/bx/it' in size <7> not available
(Font)              Font shape `OT1/ptm/b/it' tried instead on input line 1095.

LaTeX Font Info:    Font shape `OT1/ptm/bx/n' in size <8> not available
(Font)              Font shape `OT1/ptm/b/n' tried instead on input line 1095.
LaTeX Font Info:    Font shape `OT1/ptm/bx/it' in size <8> not available
(Font)              Font shape `OT1/ptm/b/it' tried instead on input line 1095.

LaTeX Font Info:    Font shape `OT1/ptm/bx/n' in size <9> not available
(Font)              Font shape `OT1/ptm/b/n' tried instead on input line 1095.
LaTeX Font Info:    Font shape `OT1/ptm/bx/it' in size <9> not available
(Font)              Font shape `OT1/ptm/b/it' tried instead on input line 1095.

LaTeX Font Info:    Font shape `OT1/ptm/bx/n' in size <10> not available
(Font)              Font shape `OT1/ptm/b/n' tried instead on input line 1095.
LaTeX Font Info:    Font shape `OT1/ptm/bx/it' in size <10> not available
(Font)              Font shape `OT1/ptm/b/it' tried instead on input line 1095.

LaTeX Font Info:    Font shape `OT1/ptm/bx/n' in size <11> not available
(Font)              Font shape `OT1/ptm/b/n' tried instead on input line 1095.
LaTeX Font Info:    Font shape `OT1/ptm/bx/it' in size <11> not available
(Font)              Font shape `OT1/ptm/b/it' tried instead on input line 1095.

LaTeX Font Info:    Font shape `OT1/ptm/bx/n' in size <12> not available
(Font)              Font shape `OT1/ptm/b/n' tried instead on input line 1095.
LaTeX Font Info:    Font shape `OT1/ptm/bx/it' in size <12> not available
(Font)              Font shape `OT1/ptm/b/it' tried instead on input line 1095.

LaTeX Font Info:    Font shape `OT1/ptm/bx/n' in size <17> not available
(Font)              Font shape `OT1/ptm/b/n' tried instead on input line 1095.
LaTeX Font Info:    Font shape `OT1/ptm/bx/it' in size <17> not available
(Font)              Font shape `OT1/ptm/b/it' tried instead on input line 1095.

LaTeX Font Info:    Font shape `OT1/ptm/bx/n' in size <20> not available
(Font)              Font shape `OT1/ptm/b/n' tried instead on input line 1095.
LaTeX Font Info:    Font shape `OT1/ptm/bx/it' in size <20> not available
(Font)              Font shape `OT1/ptm/b/it' tried instead on input line 1095.

LaTeX Font Info:    Font shape `OT1/ptm/bx/n' in size <24> not available
(Font)              Font shape `OT1/ptm/b/n' tried instead on input line 1095.
LaTeX Font Info:    Font shape `OT1/ptm/bx/it' in size <24> not available
(Font)              Font shape `OT1/ptm/b/it' tried instead on input line 1095.

\IEEEilabelindentA=\dimen104
\IEEEilabelindentB=\dimen105
\IEEEilabelindent=\dimen106
\IEEEelabelindent=\dimen107
\IEEEdlabelindent=\dimen108
\labelindent=\dimen109
\IEEEiednormlabelsep=\dimen110
\IEEEiedmathlabelsep=\dimen111
\IEEEiedtopsep=\skip44
\c@section=\count81
\c@subsection=\count82
\c@subsubsection=\count83
\c@paragraph=\count84
\c@IEEEsubequation=\count85
\abovecaptionskip=\skip45
\belowcaptionskip=\skip46
\c@figure=\count86
\c@table=\count87
\@IEEEeqnnumcols=\count88
\@IEEEeqncolcnt=\count89
\@IEEEtmpitemindent=\dimen112
\c@biography=\count90
\@IEEEtranrubishbin=\box26
) (/usr/local/texlive/2014basic/texmf-dist/tex/latex/cite/cite.sty
LaTeX Info: Redefining \cite on input line 302.
LaTeX Info: Redefining \nocite on input line 373.
Package: cite 2010/09/10  v 5.3
)
(/usr/local/texlive/2014basic/texmf-dist/tex/latex/graphics/graphicx.sty
Package: graphicx 2014/04/25 v1.0g Enhanced LaTeX Graphics (DPC,SPQR)

(/usr/local/texlive/2014basic/texmf-dist/tex/latex/graphics/keyval.sty
Package: keyval 2014/05/08 v1.15 key=value parser (DPC)
\KV@toks@=\toks15
)
(/usr/local/texlive/2014basic/texmf-dist/tex/latex/graphics/graphics.sty
Package: graphics 2009/02/05 v1.0o Standard LaTeX Graphics (DPC,SPQR)

(/usr/local/texlive/2014basic/texmf-dist/tex/latex/graphics/trig.sty
Package: trig 1999/03/16 v1.09 sin cos tan (DPC)
)
(/usr/local/texlive/2014basic/texmf-dist/tex/latex/latexconfig/graphics.cfg
File: graphics.cfg 2010/04/23 v1.9 graphics configuration of TeX Live
)
Package graphics Info: Driver file: pdftex.def on input line 91.

(/usr/local/texlive/2014basic/texmf-dist/tex/latex/pdftex-def/pdftex.def
File: pdftex.def 2011/05/27 v0.06d Graphics/color for pdfTeX

(/usr/local/texlive/2014basic/texmf-dist/tex/generic/oberdiek/infwarerr.sty
Package: infwarerr 2010/04/08 v1.3 Providing info/warning/error messages (HO)
)
(/usr/local/texlive/2014basic/texmf-dist/tex/generic/oberdiek/ltxcmds.sty
Package: ltxcmds 2011/11/09 v1.22 LaTeX kernel commands for general use (HO)
)
\Gread@gobject=\count91
))
\Gin@req@height=\dimen113
\Gin@req@width=\dimen114
)
(/usr/local/texlive/2014basic/texmf-dist/tex/latex/base/textcomp.sty
Package: textcomp 2005/09/27 v1.99g Standard LaTeX package
Package textcomp Info: Sub-encoding information:
(textcomp)               5 = only ISO-Adobe without \textcurrency
(textcomp)               4 = 5 + \texteuro
(textcomp)               3 = 4 + \textohm
(textcomp)               2 = 3 + \textestimated + \textcurrency
(textcomp)               1 = TS1 - \textcircled - \t
(textcomp)               0 = TS1 (full)
(textcomp)             Font families with sub-encoding setting implement
(textcomp)             only a restricted character set as indicated.
(textcomp)             Family '?' is the default used for unknown fonts.
(textcomp)             See the documentation for details.
Package textcomp Info: Setting ? sub-encoding to TS1/1 on input line 71.

(/usr/local/texlive/2014basic/texmf-dist/tex/latex/base/ts1enc.def
File: ts1enc.def 2001/06/05 v3.0e (jk/car/fm) Standard LaTeX file
)
LaTeX Info: Redefining \oldstylenums on input line 266.
Package textcomp Info: Setting cmr sub-encoding to TS1/0 on input line 281.
Package textcomp Info: Setting cmss sub-encoding to TS1/0 on input line 282.
Package textcomp Info: Setting cmtt sub-encoding to TS1/0 on input line 283.
Package textcomp Info: Setting cmvtt sub-encoding to TS1/0 on input line 284.
Package textcomp Info: Setting cmbr sub-encoding to TS1/0 on input line 285.
Package textcomp Info: Setting cmtl sub-encoding to TS1/0 on input line 286.
Package textcomp Info: Setting ccr sub-encoding to TS1/0 on input line 287.
Package textcomp Info: Setting ptm sub-encoding to TS1/4 on input line 288.
Package textcomp Info: Setting pcr sub-encoding to TS1/4 on input line 289.
Package textcomp Info: Setting phv sub-encoding to TS1/4 on input line 290.
Package textcomp Info: Setting ppl sub-encoding to TS1/3 on input line 291.
Package textcomp Info: Setting pag sub-encoding to TS1/4 on input line 292.
Package textcomp Info: Setting pbk sub-encoding to TS1/4 on input line 293.
Package textcomp Info: Setting pnc sub-encoding to TS1/4 on input line 294.
Package textcomp Info: Setting pzc sub-encoding to TS1/4 on input line 295.
Package textcomp Info: Setting bch sub-encoding to TS1/4 on input line 296.
Package textcomp Info: Setting put sub-encoding to TS1/5 on input line 297.
Package textcomp Info: Setting uag sub-encoding to TS1/5 on input line 298.
Package textcomp Info: Setting ugq sub-encoding to TS1/5 on input line 299.
Package textcomp Info: Setting ul8 sub-encoding to TS1/4 on input line 300.
Package textcomp Info: Setting ul9 sub-encoding to TS1/4 on input line 301.
Package textcomp Info: Setting augie sub-encoding to TS1/5 on input line 302.
Package textcomp Info: Setting dayrom sub-encoding to TS1/3 on input line 303.
Package textcomp Info: Setting dayroms sub-encoding to TS1/3 on input line 304.

Package textcomp Info: Setting pxr sub-encoding to TS1/0 on input line 305.
Package textcomp Info: Setting pxss sub-encoding to TS1/0 on input line 306.
Package textcomp Info: Setting pxtt sub-encoding to TS1/0 on input line 307.
Package textcomp Info: Setting txr sub-encoding to TS1/0 on input line 308.
Package textcomp Info: Setting txss sub-encoding to TS1/0 on input line 309.
Package textcomp Info: Setting txtt sub-encoding to TS1/0 on input line 310.
Package textcomp Info: Setting lmr sub-encoding to TS1/0 on input line 311.
Package textcomp Info: Setting lmdh sub-encoding to TS1/0 on input line 312.
Package textcomp Info: Setting lmss sub-encoding to TS1/0 on input line 313.
Package textcomp Info: Setting lmssq sub-encoding to TS1/0 on input line 314.
Package textcomp Info: Setting lmvtt sub-encoding to TS1/0 on input line 315.
Package textcomp Info: Setting qhv sub-encoding to TS1/0 on input line 316.
Package textcomp Info: Setting qag sub-encoding to TS1/0 on input line 317.
Package textcomp Info: Setting qbk sub-encoding to TS1/0 on input line 318.
Package textcomp Info: Setting qcr sub-encoding to TS1/0 on input line 319.
Package textcomp Info: Setting qcs sub-encoding to TS1/0 on input line 320.
Package textcomp Info: Setting qpl sub-encoding to TS1/0 on input line 321.
Package textcomp Info: Setting qtm sub-encoding to TS1/0 on input line 322.
Package textcomp Info: Setting qzc sub-encoding to TS1/0 on input line 323.
Package textcomp Info: Setting qhvc sub-encoding to TS1/0 on input line 324.
Package textcomp Info: Setting futs sub-encoding to TS1/4 on input line 325.
Package textcomp Info: Setting futx sub-encoding to TS1/4 on input line 326.
Package textcomp Info: Setting futj sub-encoding to TS1/4 on input line 327.
Package textcomp Info: Setting hlh sub-encoding to TS1/3 on input line 328.
Package textcomp Info: Setting hls sub-encoding to TS1/3 on input line 329.
Package textcomp Info: Setting hlst sub-encoding to TS1/3 on input line 330.
Package textcomp Info: Setting hlct sub-encoding to TS1/5 on input line 331.
Package textcomp Info: Setting hlx sub-encoding to TS1/5 on input line 332.
Package textcomp Info: Setting hlce sub-encoding to TS1/5 on input line 333.
Package textcomp Info: Setting hlcn sub-encoding to TS1/5 on input line 334.
Package textcomp Info: Setting hlcw sub-encoding to TS1/5 on input line 335.
Package textcomp Info: Setting hlcf sub-encoding to TS1/5 on input line 336.
Package textcomp Info: Setting pplx sub-encoding to TS1/3 on input line 337.
Package textcomp Info: Setting pplj sub-encoding to TS1/3 on input line 338.
Package textcomp Info: Setting ptmx sub-encoding to TS1/4 on input line 339.
Package textcomp Info: Setting ptmj sub-encoding to TS1/4 on input line 340.
)
(./cs190-ieee.aux)
\openout1 = `cs190-ieee.aux'.

LaTeX Font Info:    Checking defaults for OML/cmm/m/it on input line 25.
LaTeX Font Info:    ... okay on input line 25.
LaTeX Font Info:    Checking defaults for T1/cmr/m/n on input line 25.
LaTeX Font Info:    ... okay on input line 25.
LaTeX Font Info:    Checking defaults for OT1/cmr/m/n on input line 25.
LaTeX Font Info:    ... okay on input line 25.
LaTeX Font Info:    Checking defaults for OMS/cmsy/m/n on input line 25.
LaTeX Font Info:    ... okay on input line 25.
LaTeX Font Info:    Checking defaults for OMX/cmex/m/n on input line 25.
LaTeX Font Info:    ... okay on input line 25.
LaTeX Font Info:    Checking defaults for U/cmr/m/n on input line 25.
LaTeX Font Info:    ... okay on input line 25.
LaTeX Font Info:    Checking defaults for TS1/cmr/m/n on input line 25.
LaTeX Font Info:    Try loading font information for TS1+cmr on input line 25.

(/usr/local/texlive/2014basic/texmf-dist/tex/latex/base/ts1cmr.fd
File: ts1cmr.fd 1999/05/25 v2.5h Standard LaTeX font definitions
)
LaTeX Font Info:    ... okay on input line 25.

(/usr/local/texlive/2014basic/texmf-dist/tex/context/base/supp-pdf.mkii
[Loading MPS to PDF converter (version 2006.09.02).]
\scratchcounter=\count92
\scratchdimen=\dimen115
\scratchbox=\box27
\nofMPsegments=\count93
\nofMParguments=\count94
\everyMPshowfont=\toks16
\MPscratchCnt=\count95
\MPscratchDim=\dimen116
\MPnumerator=\count96
\makeMPintoPDFobject=\count97
\everyMPtoPDFconversion=\toks17
) (/usr/local/texlive/2014basic/texmf-dist/tex/generic/oberdiek/pdftexcmds.sty
Package: pdftexcmds 2011/11/29 v0.20 Utility functions of pdfTeX for LuaTeX (HO
)

(/usr/local/texlive/2014basic/texmf-dist/tex/generic/oberdiek/ifluatex.sty
Package: ifluatex 2010/03/01 v1.3 Provides the ifluatex switch (HO)
Package ifluatex Info: LuaTeX not detected.
)
(/usr/local/texlive/2014basic/texmf-dist/tex/generic/oberdiek/ifpdf.sty
Package: ifpdf 2011/01/30 v2.3 Provides the ifpdf switch (HO)
Package ifpdf Info: pdfTeX in PDF mode is detected.
)
Package pdftexcmds Info: LuaTeX not detected.
Package pdftexcmds Info: \pdf@primitive is available.
Package pdftexcmds Info: \pdf@ifprimitive is available.
Package pdftexcmds Info: \pdfdraftmode found.
)
(/usr/local/texlive/2014basic/texmf-dist/tex/latex/oberdiek/epstopdf-base.sty
Package: epstopdf-base 2010/02/09 v2.5 Base part for package epstopdf

(/usr/local/texlive/2014basic/texmf-dist/tex/latex/oberdiek/grfext.sty
Package: grfext 2010/08/19 v1.1 Manage graphics extensions (HO)

(/usr/local/texlive/2014basic/texmf-dist/tex/generic/oberdiek/kvdefinekeys.sty
Package: kvdefinekeys 2011/04/07 v1.3 Define keys (HO)
)) (/usr/local/texlive/2014basic/texmf-dist/tex/latex/oberdiek/kvoptions.sty
Package: kvoptions 2011/06/30 v3.11 Key value format for package options (HO)

(/usr/local/texlive/2014basic/texmf-dist/tex/generic/oberdiek/kvsetkeys.sty
Package: kvsetkeys 2012/04/25 v1.16 Key value parser (HO)

(/usr/local/texlive/2014basic/texmf-dist/tex/generic/oberdiek/etexcmds.sty
Package: etexcmds 2011/02/16 v1.5 Avoid name clashes with e-TeX commands (HO)
Package etexcmds Info: Could not find \expanded.
(etexcmds)             That can mean that you are not using pdfTeX 1.50 or
(etexcmds)             that some package has redefined \expanded.
(etexcmds)             In the latter case, load this package earlier.
)))
Package grfext Info: Graphics extension search list:
(grfext)             [.png,.pdf,.jpg,.mps,.jpeg,.jbig2,.jb2,.PNG,.PDF,.JPG,.JPE
G,.JBIG2,.JB2,.eps]
(grfext)             \AppendGraphicsExtensions on input line 452.

(/usr/local/texlive/2014basic/texmf-dist/tex/latex/latexconfig/epstopdf-sys.cfg
File: epstopdf-sys.cfg 2010/07/13 v1.3 Configuration of (r)epstopdf for TeX Liv
e
))
LaTeX Font Info:    External font `cmex10' loaded for size
(Font)              <8> on input line 28.
LaTeX Font Info:    External font `cmex10' loaded for size
(Font)              <6> on input line 28.
LaTeX Font Info:    External font `cmex10' loaded for size
(Font)              <5> on input line 28.

Underfull \hbox (badness 10000) in paragraph at lines 44--44
[]\OT1/ptm/m/n/8 Number of
 []


Underfull \hbox (badness 10000) in paragraph at lines 75--75
[]\OT1/ptm/m/n/8 Student
 []


Underfull \hbox (badness 10000) in paragraph at lines 75--75
\OT1/ptm/m/n/8 Ac-com-mo-
 []


Underfull \hbox (badness 10000) in paragraph at lines 75--75
[]\OT1/ptm/m/n/8 Maximum
 []


Underfull \hbox (badness 1546) in paragraph at lines 76--76
[]\OT1/ptm/m/n/8 Men's Res-i-
 []


Underfull \hbox (badness 10000) in paragraph at lines 77--77
[]\OT1/ptm/m/n/8 Women's
 []


Underfull \hbox (badness 10000) in paragraph at lines 77--77
\OT1/ptm/m/n/8 Res-i-dence
 []


Underfull \hbox (badness 10000) in paragraph at lines 77--77
[]\OT1/ptm/m/n/8 Freshmen
 []


Underfull \hbox (badness 10000) in paragraph at lines 77--77
\OT1/ptm/m/n/8 and Up-per-
 []


Underfull \hbox (badness 10000) in paragraph at lines 79--79
[]\OT1/ptm/m/n/8 Veterinary
 []


Underfull \hbox (badness 10000) in paragraph at lines 79--79
\OT1/ptm/m/n/8 Medicine
 []


Underfull \hbox (badness 10000) in paragraph at lines 79--79
\OT1/ptm/m/n/8 Res-i-dence
 []


Underfull \hbox (badness 10000) in paragraph at lines 79--79
[]\OT1/ptm/m/n/8 Freshmen
 []


Underfull \hbox (badness 10000) in paragraph at lines 79--79
\OT1/ptm/m/n/8 and Up-per-
 []


Underfull \hbox (badness 10000) in paragraph at lines 80--80
[]\OT1/ptm/m/n/8 New
 []


Underfull \hbox (badness 10000) in paragraph at lines 80--80
\OT1/ptm/m/n/8 Forestry
 []


Underfull \hbox (badness 10000) in paragraph at lines 80--80
\OT1/ptm/m/n/8 Res-i-dence
 []


Underfull \hbox (badness 10000) in paragraph at lines 80--80
[]\OT1/ptm/m/n/8 Freshmen
 []


Underfull \hbox (badness 10000) in paragraph at lines 80--80
\OT1/ptm/m/n/8 and Up-per-
 []


Underfull \hbox (badness 10000) in paragraph at lines 81--81
[]\OT1/ptm/m/n/8 Makiling
 []


Underfull \hbox (badness 10000) in paragraph at lines 81--81
\OT1/ptm/m/n/8 Res-i-dence
 []


Underfull \hbox (badness 10000) in paragraph at lines 81--81
[]\OT1/ptm/m/n/8 Freshmen
 []


Underfull \hbox (badness 10000) in paragraph at lines 81--81
\OT1/ptm/m/n/8 and Up-per-
 []


Underfull \hbox (badness 10000) in paragraph at lines 82--82
[]\OT1/ptm/m/n/8 Forestry
 []


Underfull \hbox (badness 10000) in paragraph at lines 82--82
\OT1/ptm/m/n/8 Res-i-dence
 []


Underfull \hbox (badness 10000) in paragraph at lines 82--82
[]\OT1/ptm/m/n/8 Freshmen
 []


Underfull \hbox (badness 10000) in paragraph at lines 82--82
\OT1/ptm/m/n/8 and Up-per-
 []


Underfull \hbox (badness 2368) in paragraph at lines 83--83
[]\OT1/ptm/m/n/8 Acci Dorm-
 []


Underfull \hbox (badness 2368) in paragraph at lines 84--84
[]\OT1/ptm/m/n/8 Acci Dorm-
 []


Underfull \hbox (badness 10000) in paragraph at lines 84--84
[]\OT1/ptm/m/n/8 Freshmen
 []


Underfull \hbox (badness 10000) in paragraph at lines 84--84
\OT1/ptm/m/n/8 and Up-per-
 []


Underfull \hbox (badness 10000) in paragraph at lines 85--85
[]\OT1/ptm/m/n/8 ATI-NTC
 []


Underfull \hbox (badness 10000) in paragraph at lines 85--85
\OT1/ptm/m/n/8 Res-i-dence
 []


Underfull \hbox (badness 10000) in paragraph at lines 86--86
[]\OT1/ptm/m/n/8 International
 []


Underfull \hbox (badness 10000) in paragraph at lines 86--86
[]\OT1/ptm/m/n/8 International
 []


Underfull \hbox (badness 10000) in paragraph at lines 86--86
\OT1/ptm/m/n/8 Grad-u-ate
 []

LaTeX Font Info:    External font `cmex10' loaded for size
(Font)              <7> on input line 98.
LaTeX Font Info:    Try loading font information for TS1+ptm on input line 106.

(/usr/local/texlive/2014basic/texmf-dist/tex/latex/psnfss/ts1ptm.fd
File: ts1ptm.fd 2001/06/04 font definitions for TS1/ptm.
) [1{/usr/local/texlive/2014basic/texmf-var/fonts/map/pdftex/updmap/pdftex.map}


]
<images/admu2.png, id=9, 301.125pt x 165.61874pt>
File: images/admu2.png Graphic file (type png)
 <use images/admu2.png>
Package pdftex.def Info: images/admu2.png used on input line 142.
(pdftex.def)             Requested size: 210.78606pt x 115.93231pt.

<images/admu3.png, id=11, 301.125pt x 165.61874pt>
File: images/admu3.png Graphic file (type png)
 <use images/admu3.png>
Package pdftex.def Info: images/admu3.png used on input line 143.
(pdftex.def)             Requested size: 210.78606pt x 115.93231pt.

[2 <./images/admu2.png> <./images/admu3.png>]
Underfull \hbox (badness 10000) in paragraph at lines 167--169

 []

<images/admin.png, id=17, 599.23875pt x 622.325pt>
File: images/admin.png Graphic file (type png)
 <use images/admin.png>
Package pdftex.def Info: images/admin.png used on input line 174.
(pdftex.def)             Requested size: 284.53163pt x 341.43466pt.

Overfull \hbox (32.53163pt too wide) in paragraph at lines 174--175
 [][] 
 []


Underfull \hbox (badness 2564) in paragraph at lines 195--196
[]\OT1/ptm/m/n/10 transportation to uni-ver-sity and ap-prox-i-mate
 []

<images/student.png, id=18, 2549.525pt x 2721.16624pt>
File: images/student.png Graphic file (type png)

<use images/student.png>
Package pdftex.def Info: images/student.png used on input line 203.
(pdftex.def)             Requested size: 256.0567pt x 341.43211pt.

Overfull \hbox (4.0567pt too wide) in paragraph at lines 203--204
 [][] 
 []


Underfull \hbox (badness 5446) in paragraph at lines 210--211
[]\OT1/ptm/m/n/10 Edit de-tails about dor-mi-tory/apartment he/she
 []

[3 <./images/admin.png>]
Underfull \hbox (badness 2564) in paragraph at lines 229--230
[]\OT1/ptm/m/n/10 transportation to uni-ver-sity and ap-prox-i-mate
 []

<images/property.png, id=23, 602.25pt x 793.96625pt>
File: images/property.png Graphic file (type png)
 <use images/property.png>
Package pdftex.def Info: images/property.png used on input line 238.
(pdftex.def)             Requested size: 284.53705pt x 341.43518pt.

Overfull \hbox (32.53705pt too wide) in paragraph at lines 238--239
 [][] 
 []


Underfull \hbox (badness 5446) in paragraph at lines 243--244
[]\OT1/ptm/m/n/10 Edit de-tails about dor-mi-tory/apartment he/she
 []


Underfull \hbox (badness 2564) in paragraph at lines 258--259
[]\OT1/ptm/m/n/10 transportation to uni-ver-sity and ap-prox-i-mate
 []

<images/uml.png, id=24, 993.7125pt x 471.7625pt>
File: images/uml.png Graphic file (type png)
 <use images/uml.png>
Package pdftex.def Info: images/uml.png used on input line 268.
(pdftex.def)             Requested size: 569.06033pt x 256.07967pt.

Overfull \hbox (53.06033pt too wide) in paragraph at lines 268--269
[][] 
 []

[4 <./images/student.png> <./images/property.png>] (./cs190-ieee.bbl
Underfull \hbox (badness 1642) in paragraph at lines 34--37
\OT1/ptm/m/n/8 able: http://uho.uplb.edu.ph/index.php/component/content/article
/13-
 []


Underfull \hbox (badness 1642) in paragraph at lines 40--43
\OT1/ptm/m/n/8 able: http://uho.uplb.edu.ph/index.php/component/content/article
/13-
 []


Underfull \hbox (badness 1642) in paragraph at lines 46--49
\OT1/ptm/m/n/8 able: http://uho.uplb.edu.ph/index.php/component/content/article
/13-
 []


Underfull \hbox (badness 10000) in paragraph at lines 52--56
[]\OT1/ptm/m/n/8 Veterinary medicine res-i-dence hall. Uni-
 []


Underfull \hbox (badness 10000) in paragraph at lines 52--56
\OT1/ptm/m/n/8 ver-sity Hous-ing Of-fice. [On-line]. Avail-able:
 []


Underfull \hbox (badness 10000) in paragraph at lines 52--56
\OT1/ptm/m/n/8 http://uho.uplb.edu.ph/index.php/component/content/article/13-
 []


Underfull \hbox (badness 1642) in paragraph at lines 59--62
\OT1/ptm/m/n/8 able: http://uho.uplb.edu.ph/index.php/component/content/article
/13-
 []


Underfull \hbox (badness 1642) in paragraph at lines 65--68
\OT1/ptm/m/n/8 able: http://uho.uplb.edu.ph/index.php/component/content/article
/13-
 []


Underfull \hbox (badness 1642) in paragraph at lines 71--74
\OT1/ptm/m/n/8 able: http://uho.uplb.edu.ph/index.php/component/content/article
/13-
 []


Underfull \hbox (badness 1642) in paragraph at lines 77--80
\OT1/ptm/m/n/8 able: http://uho.uplb.edu.ph/index.php/component/content/article
/13-
 []


Underfull \hbox (badness 1642) in paragraph at lines 83--86
\OT1/ptm/m/n/8 able: http://uho.uplb.edu.ph/index.php/component/content/article
/13-
 []


Underfull \hbox (badness 1642) in paragraph at lines 89--92
\OT1/ptm/m/n/8 able: http://uho.uplb.edu.ph/index.php/component/content/article
/13-
 []


Underfull \hbox (badness 1642) in paragraph at lines 95--98
\OT1/ptm/m/n/8 able: http://uho.uplb.edu.ph/index.php/component/content/article
/13-
 []


Underfull \hbox (badness 10000) in paragraph at lines 107--109
[]\OT1/ptm/m/n/8 University of Mary-land. [On-line]. Avail-able:
 []


Underfull \hbox (badness 5091) in paragraph at lines 112--115
[]\OT1/ptm/m/n/8 Cornell Uni-ver-sity. [On-line]. Avail-able: https://sf-
 []


Underfull \hbox (badness 10000) in paragraph at lines 112--115
\OT1/ptm/m/n/8 sas-app-002.serverfarm.cornell.edu:7793/och/faces/task-flow-
 []


Underfull \hbox (badness 10000) in paragraph at lines 118--121
[]\OT1/ptm/m/n/8 University of Michi-gan. [On-line]. Avail-able:
 []


Underfull \hbox (badness 7238) in paragraph at lines 124--127
[]\OT1/ptm/m/n/8 University of Con-necti-cut. [On-line]. Avail-able:
 []


Underfull \hbox (badness 10000) in paragraph at lines 130--133
[]\OT1/ptm/m/n/8 Georgetown Uni-ver-sity. [On-line]. Avail-able:
 []


Underfull \hbox (badness 4328) in paragraph at lines 136--139
[]\OT1/ptm/m/n/8 Pennsylvania State Uni-ver-sity. [On-line]. Avail-able:
 []


Underfull \hbox (badness 10000) in paragraph at lines 172--174
[]\OT1/ptm/m/n/8 Zurb. Foun-da-tion. [On-line]. Avail-able:
 []

) [5 <./images/uml.png>] (./cs190-ieee.aux) ) 
Here is how much of TeX's memory you used:
 2712 strings out of 494522
 42385 string characters out of 6167206
 109613 words of memory out of 5000000
 5946 multiletter control sequences out of 15000+600000
 38493 words of font info for 73 fonts, out of 8000000 for 9000
 319 hyphenation exceptions out of 8191
 37i,10n,23p,1430b,392s stack positions out of 5000i,500n,10000p,200000b,80000s
{/usr/local/texlive/2014basic/texm
f-dist/fonts/enc/dvips/base/8r.enc}</usr/local/texlive/2014basic/texmf-dist/fon
ts/type1/public/amsfonts/cm/cmsy7.pfb></usr/local/texlive/2014basic/texmf-dist/
fonts/type1/urw/times/utmb8a.pfb></usr/local/texlive/2014basic/texmf-dist/fonts
/type1/urw/times/utmr8a.pfb></usr/local/texlive/2014basic/texmf-dist/fonts/type
1/urw/times/utmri8a.pfb>
Output written on cs190-ieee.pdf (5 pages, 339316 bytes).
PDF statistics:
 46 PDF objects out of 1000 (max. 8388607)
 26 compressed objects within 1 object stream
 0 named destinations out of 1000 (max. 500000)
 31 words of extra memory for PDF output out of 10000 (max. 10000000)

